Debug|Reading config...
Debug|Reading referenced images from 'C:\Users\wiore\Desktop\Digital Cyan - Copy'
Trace|Loading resources for 2 'Background'
Trace|Loading resources for 2.1 'ImageBasic'
Trace|Loading image 0...
Trace|Image was loaded from file C:\Users\wiore\Desktop\Digital Cyan - Copy\0000.png
Trace|Loading resources for 2.3 'ImageBasic'
Trace|Loading image 2...
Trace|Image was loaded from file C:\Users\wiore\Desktop\Digital Cyan - Copy\0002.png
Trace|Loading resources for 2.4 'ImageBasic'
Trace|Loading image 3...
Trace|Image was loaded from file C:\Users\wiore\Desktop\Digital Cyan - Copy\0003.png
Trace|Loading resources for 2.5 'ImageBasic'
Trace|Loading image 1...
Trace|Image was loaded from file C:\Users\wiore\Desktop\Digital Cyan - Copy\0001.png
Trace|Loading resources for 3 'Time'
Trace|Loading resources for 3.1 'TwoDigits'
Trace|Loading resources for 3.1.1 'ImageSet'
Trace|Loading image 4...
Trace|Image was loaded from file C:\Users\wiore\Desktop\Digital Cyan - Copy\0004.png
Trace|Loading image 5...
Trace|Image was loaded from file C:\Users\wiore\Desktop\Digital Cyan - Copy\0005.png
Trace|Loading image 6...
Trace|Image was loaded from file C:\Users\wiore\Desktop\Digital Cyan - Copy\0006.png
Trace|Loading image 7...
Trace|Image was loaded from file C:\Users\wiore\Desktop\Digital Cyan - Copy\0007.png
Trace|Loading image 8...
Trace|Image was loaded from file C:\Users\wiore\Desktop\Digital Cyan - Copy\0008.png
Trace|Loading image 9...
Trace|Image was loaded from file C:\Users\wiore\Desktop\Digital Cyan - Copy\0009.png
Trace|Loading image 10...
Trace|Image was loaded from file C:\Users\wiore\Desktop\Digital Cyan - Copy\0010.png
Trace|Loading image 11...
Trace|Image was loaded from file C:\Users\wiore\Desktop\Digital Cyan - Copy\0011.png
Trace|Loading image 12...
Trace|Image was loaded from file C:\Users\wiore\Desktop\Digital Cyan - Copy\0012.png
Trace|Loading image 13...
Trace|Image was loaded from file C:\Users\wiore\Desktop\Digital Cyan - Copy\0013.png
Trace|Loading resources for 3.1.2 'ImageSet'
Trace|Loading resources for 3.2 'TwoDigits'
Trace|Loading resources for 3.2.1 'ImageSet'
Trace|Loading resources for 3.2.2 'ImageSet'
Trace|Loading resources for 4 'Activity'
Trace|Loading resources for 4.1 'Steps'
Trace|Loading resources for 4.1.1 'Number'
Trace|Loading resources for 4.1.1.5 'TextAlignment'
Trace|Loading image 14...
Trace|Image was loaded from file C:\Users\wiore\Desktop\Digital Cyan - Copy\0014.png
Trace|Loading image 15...
Trace|Image was loaded from file C:\Users\wiore\Desktop\Digital Cyan - Copy\0015.png
Trace|Loading image 16...
Trace|Image was loaded from file C:\Users\wiore\Desktop\Digital Cyan - Copy\0016.png
Trace|Loading image 17...
Trace|Image was loaded from file C:\Users\wiore\Desktop\Digital Cyan - Copy\0017.png
Trace|Loading image 18...
Trace|Image was loaded from file C:\Users\wiore\Desktop\Digital Cyan - Copy\0018.png
Trace|Loading image 19...
Trace|Image was loaded from file C:\Users\wiore\Desktop\Digital Cyan - Copy\0019.png
Trace|Loading image 20...
Trace|Image was loaded from file C:\Users\wiore\Desktop\Digital Cyan - Copy\0020.png
Trace|Loading image 21...
Trace|Image was loaded from file C:\Users\wiore\Desktop\Digital Cyan - Copy\0021.png
Trace|Loading image 22...
Trace|Image was loaded from file C:\Users\wiore\Desktop\Digital Cyan - Copy\0022.png
Trace|Loading image 23...
Trace|Image was loaded from file C:\Users\wiore\Desktop\Digital Cyan - Copy\0023.png
Trace|Loading resources for 4.4 'PulseWrapper'
Trace|Loading resources for 4.4.1 'Number'
Trace|Loading resources for 4.4.1.5 'TextAlignment'
Trace|Loading image 98...
Trace|Image was loaded from file C:\Users\wiore\Desktop\Digital Cyan - Copy\0098.png
Trace|Loading resources for 5 'Date'
Trace|Loading resources for 5.1 'MonthAndDayAndYear'
Trace|Loading resources for 5.1.1 'SeparateMonthAndDay'
Trace|Loading resources for 5.1.1.1 'Number'
Trace|Loading resources for 5.1.1.1.5 'TextAlignment'
Trace|Loading resources for 5.1.1.4 'Number'
Trace|Loading resources for 5.1.1.4.5 'TextAlignment'
Trace|Loading resources for 5.1.4 'Boolean'
Trace|Loading resources for 5.1.5 'Boolean'
Trace|Loading resources for 5.4 'ImageSet'
Trace|Loading image 24...
Trace|Image was loaded from file C:\Users\wiore\Desktop\Digital Cyan - Copy\0024.png
Trace|Loading image 25...
Trace|Image was loaded from file C:\Users\wiore\Desktop\Digital Cyan - Copy\0025.png
Trace|Loading image 26...
Trace|Image was loaded from file C:\Users\wiore\Desktop\Digital Cyan - Copy\0026.png
Trace|Loading image 27...
Trace|Image was loaded from file C:\Users\wiore\Desktop\Digital Cyan - Copy\0027.png
Trace|Loading image 28...
Trace|Image was loaded from file C:\Users\wiore\Desktop\Digital Cyan - Copy\0028.png
Trace|Loading image 29...
Trace|Image was loaded from file C:\Users\wiore\Desktop\Digital Cyan - Copy\0029.png
Trace|Loading image 30...
Trace|Image was loaded from file C:\Users\wiore\Desktop\Digital Cyan - Copy\0030.png
Trace|Loading resources for 5.5 'ImageSet'
Trace|Loading resources for 5.6 'ImageSet'
Trace|Loading resources for 6 'Weather'
Trace|Loading resources for 6.1 'WeatherIcon'
Trace|Loading resources for 6.1.2 'CustomWeatherIcon'
Trace|Loading image 37...
Trace|Image was loaded from file C:\Users\wiore\Desktop\Digital Cyan - Copy\0037.png
Trace|Loading image 38...
Trace|Image was loaded from file C:\Users\wiore\Desktop\Digital Cyan - Copy\0038.png
Trace|Loading image 39...
Trace|Image was loaded from file C:\Users\wiore\Desktop\Digital Cyan - Copy\0039.png
Trace|Loading image 40...
Trace|Image was loaded from file C:\Users\wiore\Desktop\Digital Cyan - Copy\0040.png
Trace|Loading image 41...
Trace|Image was loaded from file C:\Users\wiore\Desktop\Digital Cyan - Copy\0041.png
Trace|Loading image 42...
Trace|Image was loaded from file C:\Users\wiore\Desktop\Digital Cyan - Copy\0042.png
Trace|Loading image 43...
Trace|Image was loaded from file C:\Users\wiore\Desktop\Digital Cyan - Copy\0043.png
Trace|Loading image 44...
Trace|Image was loaded from file C:\Users\wiore\Desktop\Digital Cyan - Copy\0044.png
Trace|Loading image 45...
Trace|Image was loaded from file C:\Users\wiore\Desktop\Digital Cyan - Copy\0045.png
Trace|Loading image 46...
Trace|Image was loaded from file C:\Users\wiore\Desktop\Digital Cyan - Copy\0046.png
Trace|Loading image 47...
Trace|Image was loaded from file C:\Users\wiore\Desktop\Digital Cyan - Copy\0047.png
Trace|Loading image 48...
Trace|Image was loaded from file C:\Users\wiore\Desktop\Digital Cyan - Copy\0048.png
Trace|Loading image 49...
Trace|Image was loaded from file C:\Users\wiore\Desktop\Digital Cyan - Copy\0049.png
Trace|Loading image 50...
Trace|Image was loaded from file C:\Users\wiore\Desktop\Digital Cyan - Copy\0050.png
Trace|Loading image 51...
Trace|Image was loaded from file C:\Users\wiore\Desktop\Digital Cyan - Copy\0051.png
Trace|Loading image 52...
Trace|Image was loaded from file C:\Users\wiore\Desktop\Digital Cyan - Copy\0052.png
Trace|Loading image 53...
Trace|Image was loaded from file C:\Users\wiore\Desktop\Digital Cyan - Copy\0053.png
Trace|Loading image 54...
Trace|Image was loaded from file C:\Users\wiore\Desktop\Digital Cyan - Copy\0054.png
Trace|Loading image 55...
Trace|Image was loaded from file C:\Users\wiore\Desktop\Digital Cyan - Copy\0055.png
Trace|Loading image 56...
Trace|Image was loaded from file C:\Users\wiore\Desktop\Digital Cyan - Copy\0056.png
Trace|Loading image 57...
Trace|Image was loaded from file C:\Users\wiore\Desktop\Digital Cyan - Copy\0057.png
Trace|Loading image 58...
Trace|Image was loaded from file C:\Users\wiore\Desktop\Digital Cyan - Copy\0058.png
Trace|Loading image 59...
Trace|Image was loaded from file C:\Users\wiore\Desktop\Digital Cyan - Copy\0059.png
Trace|Loading image 60...
Trace|Image was loaded from file C:\Users\wiore\Desktop\Digital Cyan - Copy\0060.png
Trace|Loading image 61...
Trace|Image was loaded from file C:\Users\wiore\Desktop\Digital Cyan - Copy\0061.png
Trace|Loading image 62...
Trace|Image was loaded from file C:\Users\wiore\Desktop\Digital Cyan - Copy\0062.png
Trace|Loading resources for 6.1.3 'XY'
Trace|Loading resources for 6.1.4 'XY'
Trace|Loading resources for 6.2 'Temperature'
Trace|Loading resources for 6.2.1 'TemperatureNumber'
Trace|Loading resources for 6.2.1.1 'Number'
Trace|Loading resources for 6.2.1.1.5 'TextAlignment'
Trace|Loading image 99...
Trace|Image was loaded from file C:\Users\wiore\Desktop\Digital Cyan - Copy\0099.png
Trace|Loading image 100...
Trace|Image was loaded from file C:\Users\wiore\Desktop\Digital Cyan - Copy\0100.png
Trace|Loading resources for 7 'StepsProgress'
Trace|Loading resources for 7.2 'LineScale'
Trace|Loading image 74...
Trace|Image was loaded from file C:\Users\wiore\Desktop\Digital Cyan - Copy\0074.png
Trace|Loading image 75...
Trace|Image was loaded from file C:\Users\wiore\Desktop\Digital Cyan - Copy\0075.png
Trace|Loading image 76...
Trace|Image was loaded from file C:\Users\wiore\Desktop\Digital Cyan - Copy\0076.png
Trace|Loading image 77...
Trace|Image was loaded from file C:\Users\wiore\Desktop\Digital Cyan - Copy\0077.png
Trace|Loading image 78...
Trace|Image was loaded from file C:\Users\wiore\Desktop\Digital Cyan - Copy\0078.png
Trace|Loading image 79...
Trace|Image was loaded from file C:\Users\wiore\Desktop\Digital Cyan - Copy\0079.png
Trace|Loading image 80...
Trace|Image was loaded from file C:\Users\wiore\Desktop\Digital Cyan - Copy\0080.png
Trace|Loading image 81...
Trace|Image was loaded from file C:\Users\wiore\Desktop\Digital Cyan - Copy\0081.png
Trace|Loading image 82...
Trace|Image was loaded from file C:\Users\wiore\Desktop\Digital Cyan - Copy\0082.png
Trace|Loading image 83...
Trace|Image was loaded from file C:\Users\wiore\Desktop\Digital Cyan - Copy\0083.png
Trace|Loading image 84...
Trace|Image was loaded from file C:\Users\wiore\Desktop\Digital Cyan - Copy\0084.png
Trace|Loading image 85...
Trace|Image was loaded from file C:\Users\wiore\Desktop\Digital Cyan - Copy\0085.png
Trace|Loading image 86...
Trace|Image was loaded from file C:\Users\wiore\Desktop\Digital Cyan - Copy\0086.png
Trace|Loading image 87...
Trace|Image was loaded from file C:\Users\wiore\Desktop\Digital Cyan - Copy\0087.png
Trace|Loading image 88...
Trace|Image was loaded from file C:\Users\wiore\Desktop\Digital Cyan - Copy\0088.png
Trace|Loading image 89...
Trace|Image was loaded from file C:\Users\wiore\Desktop\Digital Cyan - Copy\0089.png
Trace|Loading image 90...
Trace|Image was loaded from file C:\Users\wiore\Desktop\Digital Cyan - Copy\0090.png
Trace|Loading image 91...
Trace|Image was loaded from file C:\Users\wiore\Desktop\Digital Cyan - Copy\0091.png
Trace|Loading image 92...
Trace|Image was loaded from file C:\Users\wiore\Desktop\Digital Cyan - Copy\0092.png
Trace|Loading image 93...
Trace|Image was loaded from file C:\Users\wiore\Desktop\Digital Cyan - Copy\0093.png
Trace|Loading image 94...
Trace|Image was loaded from file C:\Users\wiore\Desktop\Digital Cyan - Copy\0094.png
Trace|Loading image 95...
Trace|Image was loaded from file C:\Users\wiore\Desktop\Digital Cyan - Copy\0095.png
Trace|Loading image 96...
Trace|Image was loaded from file C:\Users\wiore\Desktop\Digital Cyan - Copy\0096.png
Trace|Loading image 97...
Trace|Image was loaded from file C:\Users\wiore\Desktop\Digital Cyan - Copy\0097.png
Trace|Loading resources for 8 'Status'
Trace|Loading resources for 8.1 'Switch'
Trace|Loading resources for 8.1.1 'XY'
Trace|Loading image 31...
Trace|Image was loaded from file C:\Users\wiore\Desktop\Digital Cyan - Copy\0031.png
Trace|Loading image 32...
Trace|Image was loaded from file C:\Users\wiore\Desktop\Digital Cyan - Copy\0032.png
Trace|Loading resources for 8.2 'Switch'
Trace|Loading resources for 8.2.1 'XY'
Trace|Loading image 34...
Trace|Image was loaded from file C:\Users\wiore\Desktop\Digital Cyan - Copy\0034.png
Trace|Loading image 33...
Trace|Image was loaded from file C:\Users\wiore\Desktop\Digital Cyan - Copy\0033.png
Trace|Loading resources for 8.3 'Switch'
Trace|Loading resources for 8.3.1 'XY'
Trace|Loading image 35...
Trace|Image was loaded from file C:\Users\wiore\Desktop\Digital Cyan - Copy\0035.png
Trace|Loading image 36...
Trace|Image was loaded from file C:\Users\wiore\Desktop\Digital Cyan - Copy\0036.png
Trace|Loading resources for 9 'Battery'
Trace|Loading resources for 9.2 'ImageSet'
Trace|Loading image 63...
Trace|Image was loaded from file C:\Users\wiore\Desktop\Digital Cyan - Copy\0063.png
Trace|Loading image 64...
Trace|Image was loaded from file C:\Users\wiore\Desktop\Digital Cyan - Copy\0064.png
Trace|Loading image 65...
Trace|Image was loaded from file C:\Users\wiore\Desktop\Digital Cyan - Copy\0065.png
Trace|Loading image 66...
Trace|Image was loaded from file C:\Users\wiore\Desktop\Digital Cyan - Copy\0066.png
Trace|Loading image 67...
Trace|Image was loaded from file C:\Users\wiore\Desktop\Digital Cyan - Copy\0067.png
Trace|Loading image 68...
Trace|Image was loaded from file C:\Users\wiore\Desktop\Digital Cyan - Copy\0068.png
Trace|Loading image 69...
Trace|Image was loaded from file C:\Users\wiore\Desktop\Digital Cyan - Copy\0069.png
Trace|Loading image 70...
Trace|Image was loaded from file C:\Users\wiore\Desktop\Digital Cyan - Copy\0070.png
Trace|Loading image 71...
Trace|Image was loaded from file C:\Users\wiore\Desktop\Digital Cyan - Copy\0071.png
Trace|Loading image 72...
Trace|Image was loaded from file C:\Users\wiore\Desktop\Digital Cyan - Copy\0072.png
Trace|Loading image 73...
Trace|Image was loaded from file C:\Users\wiore\Desktop\Digital Cyan - Copy\0073.png
Trace|Verifiying Resources...
Trace|Building parameters for watch face...
Trace|2.1.1 'X': 0
Trace|2.1.2 'Y': 0
Trace|2.1.3 'ImageIndex': 0
Trace|2.1 'Image'
Trace|2.3.1 'X': 18
Trace|2.3.2 'Y': 17
Trace|2.3.3 'ImageIndex': 2
Trace|2.3 'Preview1'
Trace|2.4.1 'X': 18
Trace|2.4.2 'Y': 17
Trace|2.4.3 'ImageIndex': 3
Trace|2.4 'Preview2'
Trace|2.5.1 'X': 18
Trace|2.5.2 'Y': 17
Trace|2.5.3 'ImageIndex': 1
Trace|2.5 'Preview3'
Trace|2 'Background'
Trace|3.1.1.1 'X': 1
Trace|3.1.1.2 'Y': 101
Trace|3.1.1.3 'ImageIndex': 4
Trace|3.1.1.4 'ImagesCount': 10
Trace|3.1.1 'Tens'
Trace|3.1.2.1 'X': 30
Trace|3.1.2.2 'Y': 101
Trace|3.1.2.3 'ImageIndex': 4
Trace|3.1.2.4 'ImagesCount': 10
Trace|3.1.2 'Ones'
Trace|3.1 'Hours'
Trace|3.2.1.1 'X': 66
Trace|3.2.1.2 'Y': 101
Trace|3.2.1.3 'ImageIndex': 4
Trace|3.2.1.4 'ImagesCount': 10
Trace|3.2.1 'Tens'
Trace|3.2.2.1 'X': 96
Trace|3.2.2.2 'Y': 101
Trace|3.2.2.3 'ImageIndex': 4
Trace|3.2.2.4 'ImagesCount': 10
Trace|3.2.2 'Ones'
Trace|3.2 'Minutes'
Trace|3.11 'UnknownV11': 0
Trace|3 'Time'
Trace|4.1.1.1 'TopLeftX': 0
Trace|4.1.1.2 'TopLeftY': 241
Trace|4.1.1.3 'BottomRightX': 103
Trace|4.1.1.4 'BottomRightY': 0
Trace|4.1.1.5 'Alignment': 20
Trace|4.1.1.6 'SpacingX': 3
Trace|4.1.1.7 'SpacingY': 0
Trace|4.1.1.8 'ImageIndex': 14
Trace|4.1.1.9 'ImagesCount': 10
Trace|4.1.1 'Number'
Trace|4.1 'Steps'
Trace|4.4.1.1 'TopLeftX': 0
Trace|4.4.1.2 'TopLeftY': 170
Trace|4.4.1.3 'BottomRightX': 117
Trace|4.4.1.4 'BottomRightY': 0
Trace|4.4.1.5 'Alignment': 20
Trace|4.4.1.6 'SpacingX': 3
Trace|4.4.1.7 'SpacingY': 0
Trace|4.4.1.8 'ImageIndex': 14
Trace|4.4.1.9 'ImagesCount': 10
Trace|4.4.1 'Number'
Trace|4.4.3 'NoDataImageIndex': 98
Trace|4.4 'Pulse'
Trace|4.7 'UnknownV7': 0
Trace|4 'Activity'
Trace|5.1.1.1.1 'TopLeftX': 61
Trace|5.1.1.1.2 'TopLeftY': 26
Trace|5.1.1.1.3 'BottomRightX': 0
Trace|5.1.1.1.4 'BottomRightY': 0
Trace|5.1.1.1.5 'Alignment': 18
Trace|5.1.1.1.6 'SpacingX': 1
Trace|5.1.1.1.7 'SpacingY': 0
Trace|5.1.1.1.8 'ImageIndex': 14
Trace|5.1.1.1.9 'ImagesCount': 10
Trace|5.1.1.1 'Month'
Trace|5.1.1.4.1 'TopLeftX': 96
Trace|5.1.1.4.2 'TopLeftY': 26
Trace|5.1.1.4.3 'BottomRightX': 0
Trace|5.1.1.4.4 'BottomRightY': 0
Trace|5.1.1.4.5 'Alignment': 18
Trace|5.1.1.4.6 'SpacingX': 1
Trace|5.1.1.4.7 'SpacingY': 0
Trace|5.1.1.4.8 'ImageIndex': 14
Trace|5.1.1.4.9 'ImagesCount': 10
Trace|5.1.1.4 'Day'
Trace|5.1.1 'Separate'
Trace|5.1.4 'TwoDigitsMonth': 1
Trace|5.1.5 'TwoDigitsDay': 1
Trace|5.1 'MonthAndDayAndYear'
Trace|5.4.1 'X': 3
Trace|5.4.2 'Y': 71
Trace|5.4.3 'ImageIndex': 24
Trace|5.4.4 'ImagesCount': 7
Trace|5.4 'ENWeekDays'
Trace|5.5.1 'X': 3
Trace|5.5.2 'Y': 71
Trace|5.5.3 'ImageIndex': 24
Trace|5.5.4 'ImagesCount': 7
Trace|5.5 'CNWeekDays'
Trace|5.6.1 'X': 3
Trace|5.6.2 'Y': 71
Trace|5.6.3 'ImageIndex': 24
Trace|5.6.4 'ImagesCount': 7
Trace|5.6 'CN2WeekDays'
Trace|5 'Date'
Trace|6.1.2.1 'X': 1
Trace|6.1.2.2 'Y': 181
Trace|6.1.2.3 'ImageIndex': 37
Trace|6.1.2.4 'ImagesCount': 26
Trace|6.1.2 'CustomIcon'
Trace|6.1.3.1 'X': 1
Trace|6.1.3.2 'Y': 181
Trace|6.1.3 'Unknown3'
Trace|6.1.4.1 'X': 1
Trace|6.1.4.2 'Y': 181
Trace|6.1.4 'Unknown4'
Trace|6.1 'Icon'
Trace|6.2.1.1.1 'TopLeftX': 63
Trace|6.2.1.1.2 'TopLeftY': 206
Trace|6.2.1.1.3 'BottomRightX': 126
Trace|6.2.1.1.4 'BottomRightY': 0
Trace|6.2.1.1.5 'Alignment': 8
Trace|6.2.1.1.6 'SpacingX': 0
Trace|6.2.1.1.7 'SpacingY': 0
Trace|6.2.1.1.8 'ImageIndex': 14
Trace|6.2.1.1.9 'ImagesCount': 10
Trace|6.2.1.1 'Number'
Trace|6.2.1.2 'MinusImageIndex': 99
Trace|6.2.1.3 'DegreesImageIndex': 100
Trace|6.2.1 'Current'
Trace|6.2 'Temperature'
Trace|6 'Weather'
Trace|7.2.1 'X': 4
Trace|7.2.2 'Y': 269
Trace|7.2.3 'ImageIndex': 74
Trace|7.2.4 'ImagesCount': 24
Trace|7.2 'LineScale'
Trace|7 'StepsProgress'
Trace|8.1.1.1 'X': 32
Trace|8.1.1.2 'Y': 7
Trace|8.1.1 'Coordinates'
Trace|8.1.2 'ImageIndexOn': 31
Trace|8.1.3 'ImageIndexOff': 32
Trace|8.1 'DoNotDisturb'
Trace|8.2.1.1 'X': 16
Trace|8.2.1.2 'Y': 7
Trace|8.2.1 'Coordinates'
Trace|8.2.2 'ImageIndexOn': 34
Trace|8.2.3 'ImageIndexOff': 33
Trace|8.2 'Lock'
Trace|8.3.1.1 'X': 2
Trace|8.3.1.2 'Y': 7
Trace|8.3.1 'Coordinates'
Trace|8.3.2 'ImageIndexOn': 35
Trace|8.3.3 'ImageIndexOff': 36
Trace|8.3 'Bluetooth'
Trace|8 'Status'
Trace|9.2.1 'X': 2
Trace|9.2.2 'Y': 30
Trace|9.2.3 'ImageIndex': 63
Trace|9.2.4 'ImagesCount': 11
Trace|9.2 'BatteryIcon'
Trace|9 'Battery'
Debug|Generating previews...
Debug|Writing watch face to 'C:\Users\wiore\Desktop\Digital Cyan - Copy\Cyan w shadow_packed.bin'
Trace|Encoding parameters...
Trace|Parameter: 2
Trace|1 (0A):
Trace|    1 (08): 0 (00)
Trace|    2 (10): 0 (00)
Trace|    3 (18): 0 (00)
Trace|8 bytes
Trace|3 (1A):
Trace|    1 (08): 18 (12)
Trace|    2 (10): 17 (11)
Trace|    3 (18): 2 (02)
Trace|8 bytes
Trace|4 (22):
Trace|    1 (08): 18 (12)
Trace|    2 (10): 17 (11)
Trace|    3 (18): 3 (03)
Trace|8 bytes
Trace|5 (2A):
Trace|    1 (08): 18 (12)
Trace|    2 (10): 17 (11)
Trace|    3 (18): 1 (01)
Trace|8 bytes
Trace|Parameter: 3
Trace|1 (0A):
Trace|    1 (0A):
Trace|        1 (08): 1 (01)
Trace|        2 (10): 101 (65)
Trace|        3 (18): 4 (04)
Trace|        4 (20): 10 (0A)
Trace|    10 bytes
Trace|    2 (12):
Trace|        1 (08): 30 (1E)
Trace|        2 (10): 101 (65)
Trace|        3 (18): 4 (04)
Trace|        4 (20): 10 (0A)
Trace|    10 bytes
Trace|22 bytes
Trace|2 (12):
Trace|    1 (0A):
Trace|        1 (08): 66 (42)
Trace|        2 (10): 101 (65)
Trace|        3 (18): 4 (04)
Trace|        4 (20): 10 (0A)
Trace|    10 bytes
Trace|    2 (12):
Trace|        1 (08): 96 (60)
Trace|        2 (10): 101 (65)
Trace|        3 (18): 4 (04)
Trace|        4 (20): 10 (0A)
Trace|    10 bytes
Trace|22 bytes
Trace|11 (58): 0 (00)
Trace|Parameter: 4
Trace|1 (0A):
Trace|    1 (0A):
Trace|        1 (08): 0 (00)
Trace|        2 (10): 241 (F1)
Trace|        3 (18): 103 (67)
Trace|        4 (20): 0 (00)
Trace|        5 (28): 20 (14)
Trace|        6 (30): 3 (03)
Trace|        7 (38): 0 (00)
Trace|        8 (40): 14 (0E)
Trace|        9 (48): 10 (0A)
Trace|    21 bytes
Trace|23 bytes
Trace|4 (22):
Trace|    1 (0A):
Trace|        1 (08): 0 (00)
Trace|        2 (10): 170 (AA)
Trace|        3 (18): 117 (75)
Trace|        4 (20): 0 (00)
Trace|        5 (28): 20 (14)
Trace|        6 (30): 3 (03)
Trace|        7 (38): 0 (00)
Trace|        8 (40): 14 (0E)
Trace|        9 (48): 10 (0A)
Trace|    21 bytes
Trace|    3 (18): 98 (62)
Trace|25 bytes
Trace|7 (38): 0 (00)
Trace|Parameter: 5
Trace|1 (0A):
Trace|    1 (0A):
Trace|        1 (0A):
Trace|            1 (08): 61 (3D)
Trace|            2 (10): 26 (1A)
Trace|            3 (18): 0 (00)
Trace|            4 (20): 0 (00)
Trace|            5 (28): 18 (12)
Trace|            6 (30): 1 (01)
Trace|            7 (38): 0 (00)
Trace|            8 (40): 14 (0E)
Trace|            9 (48): 10 (0A)
Trace|        20 bytes
Trace|        4 (22):
Trace|            1 (08): 96 (60)
Trace|            2 (10): 26 (1A)
Trace|            3 (18): 0 (00)
Trace|            4 (20): 0 (00)
Trace|            5 (28): 18 (12)
Trace|            6 (30): 1 (01)
Trace|            7 (38): 0 (00)
Trace|            8 (40): 14 (0E)
Trace|            9 (48): 10 (0A)
Trace|        20 bytes
Trace|    42 bytes
Trace|    4 (20): 1 (01)
Trace|    5 (28): 1 (01)
Trace|48 bytes
Trace|4 (22):
Trace|    1 (08): 3 (03)
Trace|    2 (10): 71 (47)
Trace|    3 (18): 24 (18)
Trace|    4 (20): 7 (07)
Trace|10 bytes
Trace|5 (2A):
Trace|    1 (08): 3 (03)
Trace|    2 (10): 71 (47)
Trace|    3 (18): 24 (18)
Trace|    4 (20): 7 (07)
Trace|10 bytes
Trace|6 (32):
Trace|    1 (08): 3 (03)
Trace|    2 (10): 71 (47)
Trace|    3 (18): 24 (18)
Trace|    4 (20): 7 (07)
Trace|10 bytes
Trace|Parameter: 6
Trace|1 (0A):
Trace|    2 (12):
Trace|        1 (08): 1 (01)
Trace|        2 (10): 181 (B5)
Trace|        3 (18): 37 (25)
Trace|        4 (20): 26 (1A)
Trace|    11 bytes
Trace|    3 (1A):
Trace|        1 (08): 1 (01)
Trace|        2 (10): 181 (B5)
Trace|    7 bytes
Trace|    4 (22):
Trace|        1 (08): 1 (01)
Trace|        2 (10): 181 (B5)
Trace|    7 bytes
Trace|27 bytes
Trace|2 (12):
Trace|    1 (0A):
Trace|        1 (0A):
Trace|            1 (08): 63 (3F)
Trace|            2 (10): 206 (CE)
Trace|            3 (18): 126 (7E)
Trace|            4 (20): 0 (00)
Trace|            5 (28): 8 (08)
Trace|            6 (30): 0 (00)
Trace|            7 (38): 0 (00)
Trace|            8 (40): 14 (0E)
Trace|            9 (48): 10 (0A)
Trace|        21 bytes
Trace|        2 (10): 99 (63)
Trace|        3 (18): 100 (64)
Trace|    27 bytes
Trace|29 bytes
Trace|Parameter: 7
Trace|2 (12):
Trace|    1 (08): 4 (04)
Trace|    2 (10): 269 (10D)
Trace|    3 (18): 74 (4A)
Trace|    4 (20): 24 (18)
Trace|11 bytes
Trace|Parameter: 8
Trace|1 (0A):
Trace|    1 (0A):
Trace|        1 (08): 32 (20)
Trace|        2 (10): 7 (07)
Trace|    6 bytes
Trace|    2 (10): 31 (1F)
Trace|    3 (18): 32 (20)
Trace|12 bytes
Trace|2 (12):
Trace|    1 (0A):
Trace|        1 (08): 16 (10)
Trace|        2 (10): 7 (07)
Trace|    6 bytes
Trace|    2 (10): 34 (22)
Trace|    3 (18): 33 (21)
Trace|12 bytes
Trace|3 (1A):
Trace|    1 (0A):
Trace|        1 (08): 2 (02)
Trace|        2 (10): 7 (07)
Trace|    6 bytes
Trace|    2 (10): 35 (23)
Trace|    3 (18): 36 (24)
Trace|12 bytes
Trace|Parameter: 9
Trace|2 (12):
Trace|    1 (08): 2 (02)
Trace|    2 (10): 30 (1E)
Trace|    3 (18): 63 (3F)
Trace|    4 (20): 11 (0B)
Trace|10 bytes
Trace|Encoding offsets and lengths...
Trace|1 (0A):
Trace|    1 (08): 319 (13F)
Trace|    2 (10): 101 (65)
Trace|7 bytes
Trace|2 (12):
Trace|    1 (08): 0 (00)
Trace|    2 (10): 32 (20)
Trace|6 bytes
Trace|3 (1A):
Trace|    1 (08): 32 (20)
Trace|    2 (10): 46 (2E)
Trace|6 bytes
Trace|4 (22):
Trace|    1 (08): 78 (4E)
Trace|    2 (10): 50 (32)
Trace|6 bytes
Trace|5 (2A):
Trace|    1 (08): 128 (80)
Trace|    2 (10): 78 (4E)
Trace|7 bytes
Trace|6 (32):
Trace|    1 (08): 206 (CE)
Trace|    2 (10): 56 (38)
Trace|7 bytes
Trace|7 (3A):
Trace|    1 (08): 262 (106)
Trace|    2 (10): 11 (0B)
Trace|7 bytes
Trace|8 (42):
Trace|    1 (08): 273 (111)
Trace|    2 (10): 36 (24)
Trace|7 bytes
Trace|9 (4A):
Trace|    1 (08): 309 (135)
Trace|    2 (10): 10 (0A)
Trace|7 bytes
Trace|Writing header...
Trace|Writing parameters offsets and lengths...
Trace|Writing parameters...
Trace|Writing images...
Trace|Resource 0 offset is 0...
Debug|Encoding resource 0...
Trace|Writing image in Raw mode
Trace|No Transparency image...
Trace|Writing image header...
Trace|Width: 126, Height: 294, RowLength: 252
Trace|BPP: 16, PaletteColors: 0, Transaparency: 0
Trace|Writing image...
Trace|Resource 1 offset is 74104...
Debug|Encoding resource 1...
Trace|Writing image in Raw mode
Trace|No Transparency image...
Trace|Writing image header...
Trace|Width: 90, Height: 210, RowLength: 180
Trace|BPP: 16, PaletteColors: 0, Transaparency: 0
Trace|Writing image...
Trace|Resource 2 offset is 111920...
Debug|Encoding resource 2...
Trace|Writing image in Raw mode
Trace|No Transparency image...
Trace|Writing image header...
Trace|Width: 90, Height: 210, RowLength: 180
Trace|BPP: 16, PaletteColors: 0, Transaparency: 0
Trace|Writing image...
Trace|Resource 3 offset is 149736...
Debug|Encoding resource 3...
Trace|Writing image in Raw mode
Trace|No Transparency image...
Trace|Writing image header...
Trace|Width: 90, Height: 210, RowLength: 180
Trace|BPP: 16, PaletteColors: 0, Transaparency: 0
Trace|Writing image...
Trace|Resource 4 offset is 187552...
Debug|Encoding resource 4...
Trace|Writing image in Raw mode
Trace|Transparency image...
Trace|Writing image header...
Trace|Width: 29, Height: 47, RowLength: 87
Trace|BPP: 24, PaletteColors: 0, Transaparency: 0
Trace|Resource 5 offset is 191657...
Debug|Encoding resource 5...
Trace|Writing image in Raw mode
Trace|Transparency image...
Trace|Writing image header...
Trace|Width: 29, Height: 47, RowLength: 87
Trace|BPP: 24, PaletteColors: 0, Transaparency: 0
Trace|Resource 6 offset is 195762...
Debug|Encoding resource 6...
Trace|Writing image in Raw mode
Trace|Transparency image...
Trace|Writing image header...
Trace|Width: 29, Height: 47, RowLength: 87
Trace|BPP: 24, PaletteColors: 0, Transaparency: 0
Trace|Resource 7 offset is 199867...
Debug|Encoding resource 7...
Trace|Writing image in Raw mode
Trace|Transparency image...
Trace|Writing image header...
Trace|Width: 29, Height: 47, RowLength: 87
Trace|BPP: 24, PaletteColors: 0, Transaparency: 0
Trace|Resource 8 offset is 203972...
Debug|Encoding resource 8...
Trace|Writing image in Raw mode
Trace|Transparency image...
Trace|Writing image header...
Trace|Width: 29, Height: 47, RowLength: 87
Trace|BPP: 24, PaletteColors: 0, Transaparency: 0
Trace|Resource 9 offset is 208077...
Debug|Encoding resource 9...
Trace|Writing image in Raw mode
Trace|Transparency image...
Trace|Writing image header...
Trace|Width: 29, Height: 47, RowLength: 87
Trace|BPP: 24, PaletteColors: 0, Transaparency: 0
Trace|Resource 10 offset is 212182...
Debug|Encoding resource 10...
Trace|Writing image in Raw mode
Trace|Transparency image...
Trace|Writing image header...
Trace|Width: 29, Height: 47, RowLength: 87
Trace|BPP: 24, PaletteColors: 0, Transaparency: 0
Trace|Resource 11 offset is 216287...
Debug|Encoding resource 11...
Trace|Writing image in Raw mode
Trace|Transparency image...
Trace|Writing image header...
Trace|Width: 29, Height: 47, RowLength: 87
Trace|BPP: 24, PaletteColors: 0, Transaparency: 0
Trace|Resource 12 offset is 220392...
Debug|Encoding resource 12...
Trace|Writing image in Raw mode
Trace|Transparency image...
Trace|Writing image header...
Trace|Width: 29, Height: 47, RowLength: 87
Trace|BPP: 24, PaletteColors: 0, Transaparency: 0
Trace|Resource 13 offset is 224497...
Debug|Encoding resource 13...
Trace|Writing image in Raw mode
Trace|Transparency image...
Trace|Writing image header...
Trace|Width: 29, Height: 47, RowLength: 87
Trace|BPP: 24, PaletteColors: 0, Transaparency: 0
Trace|Resource 14 offset is 228602...
Debug|Encoding resource 14...
Trace|Writing image in Raw mode
Trace|Transparency image...
Trace|Writing image header...
Trace|Width: 14, Height: 23, RowLength: 42
Trace|BPP: 24, PaletteColors: 0, Transaparency: 0
Trace|Resource 15 offset is 229584...
Debug|Encoding resource 15...
Trace|Writing image in Raw mode
Trace|Transparency image...
Trace|Writing image header...
Trace|Width: 14, Height: 23, RowLength: 42
Trace|BPP: 24, PaletteColors: 0, Transaparency: 0
Trace|Resource 16 offset is 230566...
Debug|Encoding resource 16...
Trace|Writing image in Raw mode
Trace|Transparency image...
Trace|Writing image header...
Trace|Width: 14, Height: 23, RowLength: 42
Trace|BPP: 24, PaletteColors: 0, Transaparency: 0
Trace|Resource 17 offset is 231548...
Debug|Encoding resource 17...
Trace|Writing image in Raw mode
Trace|Transparency image...
Trace|Writing image header...
Trace|Width: 14, Height: 23, RowLength: 42
Trace|BPP: 24, PaletteColors: 0, Transaparency: 0
Trace|Resource 18 offset is 232530...
Debug|Encoding resource 18...
Trace|Writing image in Raw mode
Trace|Transparency image...
Trace|Writing image header...
Trace|Width: 14, Height: 23, RowLength: 42
Trace|BPP: 24, PaletteColors: 0, Transaparency: 0
Trace|Resource 19 offset is 233512...
Debug|Encoding resource 19...
Trace|Writing image in Raw mode
Trace|Transparency image...
Trace|Writing image header...
Trace|Width: 14, Height: 23, RowLength: 42
Trace|BPP: 24, PaletteColors: 0, Transaparency: 0
Trace|Resource 20 offset is 234494...
Debug|Encoding resource 20...
Trace|Writing image in Raw mode
Trace|Transparency image...
Trace|Writing image header...
Trace|Width: 14, Height: 23, RowLength: 42
Trace|BPP: 24, PaletteColors: 0, Transaparency: 0
Trace|Resource 21 offset is 235476...
Debug|Encoding resource 21...
Trace|Writing image in Raw mode
Trace|Transparency image...
Trace|Writing image header...
Trace|Width: 14, Height: 23, RowLength: 42
Trace|BPP: 24, PaletteColors: 0, Transaparency: 0
Trace|Resource 22 offset is 236458...
Debug|Encoding resource 22...
Trace|Writing image in Raw mode
Trace|Transparency image...
Trace|Writing image header...
Trace|Width: 14, Height: 23, RowLength: 42
Trace|BPP: 24, PaletteColors: 0, Transaparency: 0
Trace|Resource 23 offset is 237440...
Debug|Encoding resource 23...
Trace|Writing image in Raw mode
Trace|Transparency image...
Trace|Writing image header...
Trace|Width: 14, Height: 23, RowLength: 42
Trace|BPP: 24, PaletteColors: 0, Transaparency: 0
Trace|Resource 24 offset is 238422...
Debug|Encoding resource 24...
Trace|Writing image in Raw mode
Trace|Transparency image...
Trace|Writing image header...
Trace|Width: 120, Height: 19, RowLength: 360
Trace|BPP: 24, PaletteColors: 0, Transaparency: 0
Trace|Resource 25 offset is 245278...
Debug|Encoding resource 25...
Trace|Writing image in Raw mode
Trace|Transparency image...
Trace|Writing image header...
Trace|Width: 120, Height: 19, RowLength: 360
Trace|BPP: 24, PaletteColors: 0, Transaparency: 0
Trace|Resource 26 offset is 252134...
Debug|Encoding resource 26...
Trace|Writing image in Raw mode
Trace|Transparency image...
Trace|Writing image header...
Trace|Width: 132, Height: 19, RowLength: 396
Trace|BPP: 24, PaletteColors: 0, Transaparency: 0
Trace|Resource 27 offset is 259674...
Debug|Encoding resource 27...
Trace|Writing image in Raw mode
Trace|Transparency image...
Trace|Writing image header...
Trace|Width: 120, Height: 19, RowLength: 360
Trace|BPP: 24, PaletteColors: 0, Transaparency: 0
Trace|Resource 28 offset is 266530...
Debug|Encoding resource 28...
Trace|Writing image in Raw mode
Trace|Transparency image...
Trace|Writing image header...
Trace|Width: 120, Height: 19, RowLength: 360
Trace|BPP: 24, PaletteColors: 0, Transaparency: 0
Trace|Resource 29 offset is 273386...
Debug|Encoding resource 29...
Trace|Writing image in Raw mode
Trace|Transparency image...
Trace|Writing image header...
Trace|Width: 120, Height: 19, RowLength: 360
Trace|BPP: 24, PaletteColors: 0, Transaparency: 0
Trace|Resource 30 offset is 280242...
Debug|Encoding resource 30...
Trace|Writing image in Raw mode
Trace|Transparency image...
Trace|Writing image header...
Trace|Width: 120, Height: 19, RowLength: 360
Trace|BPP: 24, PaletteColors: 0, Transaparency: 0
Trace|Resource 31 offset is 287098...
Debug|Encoding resource 31...
Trace|Writing image in Raw mode
Trace|Transparency image...
Trace|Writing image header...
Trace|Width: 17, Height: 18, RowLength: 51
Trace|BPP: 24, PaletteColors: 0, Transaparency: 0
Trace|Resource 32 offset is 288032...
Debug|Encoding resource 32...
Trace|Writing image in Raw mode
Trace|Transparency image...
Trace|Writing image header...
Trace|Width: 17, Height: 18, RowLength: 51
Trace|BPP: 24, PaletteColors: 0, Transaparency: 0
Trace|Resource 33 offset is 288966...
Debug|Encoding resource 33...
Trace|Writing image in Raw mode
Trace|Transparency image...
Trace|Writing image header...
Trace|Width: 14, Height: 18, RowLength: 42
Trace|BPP: 24, PaletteColors: 0, Transaparency: 0
Trace|Resource 34 offset is 289738...
Debug|Encoding resource 34...
Trace|Writing image in Raw mode
Trace|Transparency image...
Trace|Writing image header...
Trace|Width: 14, Height: 18, RowLength: 42
Trace|BPP: 24, PaletteColors: 0, Transaparency: 0
Trace|Resource 35 offset is 290510...
Debug|Encoding resource 35...
Trace|Writing image in Raw mode
Trace|Transparency image...
Trace|Writing image header...
Trace|Width: 12, Height: 18, RowLength: 36
Trace|BPP: 24, PaletteColors: 0, Transaparency: 0
Trace|Resource 36 offset is 291174...
Debug|Encoding resource 36...
Trace|Writing image in Raw mode
Trace|Transparency image...
Trace|Writing image header...
Trace|Width: 12, Height: 18, RowLength: 36
Trace|BPP: 24, PaletteColors: 0, Transaparency: 0
Trace|Resource 37 offset is 291838...
Debug|Encoding resource 37...
Trace|Writing image in Raw mode
Trace|Transparency image...
Trace|Writing image header...
Trace|Width: 33, Height: 34, RowLength: 99
Trace|BPP: 24, PaletteColors: 0, Transaparency: 0
Trace|Resource 38 offset is 295220...
Debug|Encoding resource 38...
Trace|Writing image in Raw mode
Trace|Transparency image...
Trace|Writing image header...
Trace|Width: 33, Height: 34, RowLength: 99
Trace|BPP: 24, PaletteColors: 0, Transaparency: 0
Trace|Resource 39 offset is 298602...
Debug|Encoding resource 39...
Trace|Writing image in Raw mode
Trace|Transparency image...
Trace|Writing image header...
Trace|Width: 33, Height: 34, RowLength: 99
Trace|BPP: 24, PaletteColors: 0, Transaparency: 0
Trace|Resource 40 offset is 301984...
Debug|Encoding resource 40...
Trace|Writing image in Raw mode
Trace|Transparency image...
Trace|Writing image header...
Trace|Width: 33, Height: 34, RowLength: 99
Trace|BPP: 24, PaletteColors: 0, Transaparency: 0
Trace|Resource 41 offset is 305366...
Debug|Encoding resource 41...
Trace|Writing image in Raw mode
Trace|Transparency image...
Trace|Writing image header...
Trace|Width: 33, Height: 34, RowLength: 99
Trace|BPP: 24, PaletteColors: 0, Transaparency: 0
Trace|Resource 42 offset is 308748...
Debug|Encoding resource 42...
Trace|Writing image in Raw mode
Trace|Transparency image...
Trace|Writing image header...
Trace|Width: 33, Height: 34, RowLength: 99
Trace|BPP: 24, PaletteColors: 0, Transaparency: 0
Trace|Resource 43 offset is 312130...
Debug|Encoding resource 43...
Trace|Writing image in Raw mode
Trace|Transparency image...
Trace|Writing image header...
Trace|Width: 33, Height: 34, RowLength: 99
Trace|BPP: 24, PaletteColors: 0, Transaparency: 0
Trace|Resource 44 offset is 315512...
Debug|Encoding resource 44...
Trace|Writing image in Raw mode
Trace|Transparency image...
Trace|Writing image header...
Trace|Width: 33, Height: 34, RowLength: 99
Trace|BPP: 24, PaletteColors: 0, Transaparency: 0
Trace|Resource 45 offset is 318894...
Debug|Encoding resource 45...
Trace|Writing image in Raw mode
Trace|Transparency image...
Trace|Writing image header...
Trace|Width: 33, Height: 34, RowLength: 99
Trace|BPP: 24, PaletteColors: 0, Transaparency: 0
Trace|Resource 46 offset is 322276...
Debug|Encoding resource 46...
Trace|Writing image in Raw mode
Trace|Transparency image...
Trace|Writing image header...
Trace|Width: 33, Height: 34, RowLength: 99
Trace|BPP: 24, PaletteColors: 0, Transaparency: 0
Trace|Resource 47 offset is 325658...
Debug|Encoding resource 47...
Trace|Writing image in Raw mode
Trace|Transparency image...
Trace|Writing image header...
Trace|Width: 33, Height: 34, RowLength: 99
Trace|BPP: 24, PaletteColors: 0, Transaparency: 0
Trace|Resource 48 offset is 329040...
Debug|Encoding resource 48...
Trace|Writing image in Raw mode
Trace|Transparency image...
Trace|Writing image header...
Trace|Width: 33, Height: 34, RowLength: 99
Trace|BPP: 24, PaletteColors: 0, Transaparency: 0
Trace|Resource 49 offset is 332422...
Debug|Encoding resource 49...
Trace|Writing image in Raw mode
Trace|Transparency image...
Trace|Writing image header...
Trace|Width: 33, Height: 34, RowLength: 99
Trace|BPP: 24, PaletteColors: 0, Transaparency: 0
Trace|Resource 50 offset is 335804...
Debug|Encoding resource 50...
Trace|Writing image in Raw mode
Trace|Transparency image...
Trace|Writing image header...
Trace|Width: 33, Height: 34, RowLength: 99
Trace|BPP: 24, PaletteColors: 0, Transaparency: 0
Trace|Resource 51 offset is 339186...
Debug|Encoding resource 51...
Trace|Writing image in Raw mode
Trace|Transparency image...
Trace|Writing image header...
Trace|Width: 33, Height: 34, RowLength: 99
Trace|BPP: 24, PaletteColors: 0, Transaparency: 0
Trace|Resource 52 offset is 342568...
Debug|Encoding resource 52...
Trace|Writing image in Raw mode
Trace|Transparency image...
Trace|Writing image header...
Trace|Width: 33, Height: 34, RowLength: 99
Trace|BPP: 24, PaletteColors: 0, Transaparency: 0
Trace|Resource 53 offset is 345950...
Debug|Encoding resource 53...
Trace|Writing image in Raw mode
Trace|Transparency image...
Trace|Writing image header...
Trace|Width: 33, Height: 34, RowLength: 99
Trace|BPP: 24, PaletteColors: 0, Transaparency: 0
Trace|Resource 54 offset is 349332...
Debug|Encoding resource 54...
Trace|Writing image in Raw mode
Trace|Transparency image...
Trace|Writing image header...
Trace|Width: 33, Height: 34, RowLength: 99
Trace|BPP: 24, PaletteColors: 0, Transaparency: 0
Trace|Resource 55 offset is 352714...
Debug|Encoding resource 55...
Trace|Writing image in Raw mode
Trace|Transparency image...
Trace|Writing image header...
Trace|Width: 33, Height: 34, RowLength: 99
Trace|BPP: 24, PaletteColors: 0, Transaparency: 0
Trace|Resource 56 offset is 356096...
Debug|Encoding resource 56...
Trace|Writing image in Raw mode
Trace|Transparency image...
Trace|Writing image header...
Trace|Width: 33, Height: 34, RowLength: 99
Trace|BPP: 24, PaletteColors: 0, Transaparency: 0
Trace|Resource 57 offset is 359478...
Debug|Encoding resource 57...
Trace|Writing image in Raw mode
Trace|Transparency image...
Trace|Writing image header...
Trace|Width: 33, Height: 34, RowLength: 99
Trace|BPP: 24, PaletteColors: 0, Transaparency: 0
Trace|Resource 58 offset is 362860...
Debug|Encoding resource 58...
Trace|Writing image in Raw mode
Trace|Transparency image...
Trace|Writing image header...
Trace|Width: 33, Height: 34, RowLength: 99
Trace|BPP: 24, PaletteColors: 0, Transaparency: 0
Trace|Resource 59 offset is 366242...
Debug|Encoding resource 59...
Trace|Writing image in Raw mode
Trace|Transparency image...
Trace|Writing image header...
Trace|Width: 33, Height: 34, RowLength: 99
Trace|BPP: 24, PaletteColors: 0, Transaparency: 0
Trace|Resource 60 offset is 369624...
Debug|Encoding resource 60...
Trace|Writing image in Raw mode
Trace|Transparency image...
Trace|Writing image header...
Trace|Width: 33, Height: 34, RowLength: 99
Trace|BPP: 24, PaletteColors: 0, Transaparency: 0
Trace|Resource 61 offset is 373006...
Debug|Encoding resource 61...
Trace|Writing image in Raw mode
Trace|Transparency image...
Trace|Writing image header...
Trace|Width: 33, Height: 34, RowLength: 99
Trace|BPP: 24, PaletteColors: 0, Transaparency: 0
Trace|Resource 62 offset is 376388...
Debug|Encoding resource 62...
Trace|Writing image in Raw mode
Trace|Transparency image...
Trace|Writing image header...
Trace|Width: 33, Height: 34, RowLength: 99
Trace|BPP: 24, PaletteColors: 0, Transaparency: 0
Trace|Resource 63 offset is 379770...
Debug|Encoding resource 63...
Trace|Writing image in Raw mode
Trace|Transparency image...
Trace|Writing image header...
Trace|Width: 35, Height: 19, RowLength: 105
Trace|BPP: 24, PaletteColors: 0, Transaparency: 0
Trace|Resource 64 offset is 381781...
Debug|Encoding resource 64...
Trace|Writing image in Raw mode
Trace|Transparency image...
Trace|Writing image header...
Trace|Width: 35, Height: 19, RowLength: 105
Trace|BPP: 24, PaletteColors: 0, Transaparency: 0
Trace|Resource 65 offset is 383792...
Debug|Encoding resource 65...
Trace|Writing image in Raw mode
Trace|Transparency image...
Trace|Writing image header...
Trace|Width: 35, Height: 19, RowLength: 105
Trace|BPP: 24, PaletteColors: 0, Transaparency: 0
Trace|Resource 66 offset is 385803...
Debug|Encoding resource 66...
Trace|Writing image in Raw mode
Trace|Transparency image...
Trace|Writing image header...
Trace|Width: 35, Height: 19, RowLength: 105
Trace|BPP: 24, PaletteColors: 0, Transaparency: 0
Trace|Resource 67 offset is 387814...
Debug|Encoding resource 67...
Trace|Writing image in Raw mode
Trace|Transparency image...
Trace|Writing image header...
Trace|Width: 35, Height: 19, RowLength: 105
Trace|BPP: 24, PaletteColors: 0, Transaparency: 0
Trace|Resource 68 offset is 389825...
Debug|Encoding resource 68...
Trace|Writing image in Raw mode
Trace|Transparency image...
Trace|Writing image header...
Trace|Width: 35, Height: 19, RowLength: 105
Trace|BPP: 24, PaletteColors: 0, Transaparency: 0
Trace|Resource 69 offset is 391836...
Debug|Encoding resource 69...
Trace|Writing image in Raw mode
Trace|Transparency image...
Trace|Writing image header...
Trace|Width: 35, Height: 19, RowLength: 105
Trace|BPP: 24, PaletteColors: 0, Transaparency: 0
Trace|Resource 70 offset is 393847...
Debug|Encoding resource 70...
Trace|Writing image in Raw mode
Trace|Transparency image...
Trace|Writing image header...
Trace|Width: 35, Height: 19, RowLength: 105
Trace|BPP: 24, PaletteColors: 0, Transaparency: 0
Trace|Resource 71 offset is 395858...
Debug|Encoding resource 71...
Trace|Writing image in Raw mode
Trace|Transparency image...
Trace|Writing image header...
Trace|Width: 35, Height: 19, RowLength: 105
Trace|BPP: 24, PaletteColors: 0, Transaparency: 0
Trace|Resource 72 offset is 397869...
Debug|Encoding resource 72...
Trace|Writing image in Raw mode
Trace|Transparency image...
Trace|Writing image header...
Trace|Width: 35, Height: 19, RowLength: 105
Trace|BPP: 24, PaletteColors: 0, Transaparency: 0
Trace|Resource 73 offset is 399880...
Debug|Encoding resource 73...
Trace|Writing image in Raw mode
Trace|Transparency image...
Trace|Writing image header...
Trace|Width: 35, Height: 19, RowLength: 105
Trace|BPP: 24, PaletteColors: 0, Transaparency: 0
Trace|Resource 74 offset is 401891...
Debug|Encoding resource 74...
Trace|Writing image in Raw mode
Trace|Transparency image...
Trace|Writing image header...
Trace|Width: 118, Height: 13, RowLength: 354
Trace|BPP: 24, PaletteColors: 0, Transaparency: 0
Trace|Resource 75 offset is 406509...
Debug|Encoding resource 75...
Trace|Writing image in Raw mode
Trace|Transparency image...
Trace|Writing image header...
Trace|Width: 118, Height: 13, RowLength: 354
Trace|BPP: 24, PaletteColors: 0, Transaparency: 0
Trace|Resource 76 offset is 411127...
Debug|Encoding resource 76...
Trace|Writing image in Raw mode
Trace|Transparency image...
Trace|Writing image header...
Trace|Width: 118, Height: 13, RowLength: 354
Trace|BPP: 24, PaletteColors: 0, Transaparency: 0
Trace|Resource 77 offset is 415745...
Debug|Encoding resource 77...
Trace|Writing image in Raw mode
Trace|Transparency image...
Trace|Writing image header...
Trace|Width: 118, Height: 13, RowLength: 354
Trace|BPP: 24, PaletteColors: 0, Transaparency: 0
Trace|Resource 78 offset is 420363...
Debug|Encoding resource 78...
Trace|Writing image in Raw mode
Trace|Transparency image...
Trace|Writing image header...
Trace|Width: 118, Height: 13, RowLength: 354
Trace|BPP: 24, PaletteColors: 0, Transaparency: 0
Trace|Resource 79 offset is 424981...
Debug|Encoding resource 79...
Trace|Writing image in Raw mode
Trace|Transparency image...
Trace|Writing image header...
Trace|Width: 118, Height: 13, RowLength: 354
Trace|BPP: 24, PaletteColors: 0, Transaparency: 0
Trace|Resource 80 offset is 429599...
Debug|Encoding resource 80...
Trace|Writing image in Raw mode
Trace|Transparency image...
Trace|Writing image header...
Trace|Width: 118, Height: 13, RowLength: 354
Trace|BPP: 24, PaletteColors: 0, Transaparency: 0
Trace|Resource 81 offset is 434217...
Debug|Encoding resource 81...
Trace|Writing image in Raw mode
Trace|Transparency image...
Trace|Writing image header...
Trace|Width: 118, Height: 13, RowLength: 354
Trace|BPP: 24, PaletteColors: 0, Transaparency: 0
Trace|Resource 82 offset is 438835...
Debug|Encoding resource 82...
Trace|Writing image in Raw mode
Trace|Transparency image...
Trace|Writing image header...
Trace|Width: 118, Height: 13, RowLength: 354
Trace|BPP: 24, PaletteColors: 0, Transaparency: 0
Trace|Resource 83 offset is 443453...
Debug|Encoding resource 83...
Trace|Writing image in Raw mode
Trace|Transparency image...
Trace|Writing image header...
Trace|Width: 118, Height: 13, RowLength: 354
Trace|BPP: 24, PaletteColors: 0, Transaparency: 0
Trace|Resource 84 offset is 448071...
Debug|Encoding resource 84...
Trace|Writing image in Raw mode
Trace|Transparency image...
Trace|Writing image header...
Trace|Width: 118, Height: 13, RowLength: 354
Trace|BPP: 24, PaletteColors: 0, Transaparency: 0
Trace|Resource 85 offset is 452689...
Debug|Encoding resource 85...
Trace|Writing image in Raw mode
Trace|Transparency image...
Trace|Writing image header...
Trace|Width: 118, Height: 13, RowLength: 354
Trace|BPP: 24, PaletteColors: 0, Transaparency: 0
Trace|Resource 86 offset is 457307...
Debug|Encoding resource 86...
Trace|Writing image in Raw mode
Trace|Transparency image...
Trace|Writing image header...
Trace|Width: 118, Height: 13, RowLength: 354
Trace|BPP: 24, PaletteColors: 0, Transaparency: 0
Trace|Resource 87 offset is 461925...
Debug|Encoding resource 87...
Trace|Writing image in Raw mode
Trace|Transparency image...
Trace|Writing image header...
Trace|Width: 118, Height: 13, RowLength: 354
Trace|BPP: 24, PaletteColors: 0, Transaparency: 0
Trace|Resource 88 offset is 466543...
Debug|Encoding resource 88...
Trace|Writing image in Raw mode
Trace|Transparency image...
Trace|Writing image header...
Trace|Width: 118, Height: 13, RowLength: 354
Trace|BPP: 24, PaletteColors: 0, Transaparency: 0
Trace|Resource 89 offset is 471161...
Debug|Encoding resource 89...
Trace|Writing image in Raw mode
Trace|Transparency image...
Trace|Writing image header...
Trace|Width: 118, Height: 13, RowLength: 354
Trace|BPP: 24, PaletteColors: 0, Transaparency: 0
Trace|Resource 90 offset is 475779...
Debug|Encoding resource 90...
Trace|Writing image in Raw mode
Trace|Transparency image...
Trace|Writing image header...
Trace|Width: 118, Height: 13, RowLength: 354
Trace|BPP: 24, PaletteColors: 0, Transaparency: 0
Trace|Resource 91 offset is 480397...
Debug|Encoding resource 91...
Trace|Writing image in Raw mode
Trace|Transparency image...
Trace|Writing image header...
Trace|Width: 118, Height: 13, RowLength: 354
Trace|BPP: 24, PaletteColors: 0, Transaparency: 0
Trace|Resource 92 offset is 485015...
Debug|Encoding resource 92...
Trace|Writing image in Raw mode
Trace|Transparency image...
Trace|Writing image header...
Trace|Width: 118, Height: 13, RowLength: 354
Trace|BPP: 24, PaletteColors: 0, Transaparency: 0
Trace|Resource 93 offset is 489633...
Debug|Encoding resource 93...
Trace|Writing image in Raw mode
Trace|Transparency image...
Trace|Writing image header...
Trace|Width: 118, Height: 13, RowLength: 354
Trace|BPP: 24, PaletteColors: 0, Transaparency: 0
Trace|Resource 94 offset is 494251...
Debug|Encoding resource 94...
Trace|Writing image in Raw mode
Trace|Transparency image...
Trace|Writing image header...
Trace|Width: 118, Height: 13, RowLength: 354
Trace|BPP: 24, PaletteColors: 0, Transaparency: 0
Trace|Resource 95 offset is 498869...
Debug|Encoding resource 95...
Trace|Writing image in Raw mode
Trace|Transparency image...
Trace|Writing image header...
Trace|Width: 118, Height: 13, RowLength: 354
Trace|BPP: 24, PaletteColors: 0, Transaparency: 0
Trace|Resource 96 offset is 503487...
Debug|Encoding resource 96...
Trace|Writing image in Raw mode
Trace|Transparency image...
Trace|Writing image header...
Trace|Width: 118, Height: 13, RowLength: 354
Trace|BPP: 24, PaletteColors: 0, Transaparency: 0
Trace|Resource 97 offset is 508105...
Debug|Encoding resource 97...
Trace|Writing image in Raw mode
Trace|No Transparency image...
Trace|Writing image header...
Trace|Width: 118, Height: 13, RowLength: 236
Trace|BPP: 16, PaletteColors: 0, Transaparency: 0
Trace|Writing image...
Trace|Resource 98 offset is 511189...
Debug|Encoding resource 98...
Trace|Writing image in Raw mode
Trace|Transparency image...
Trace|Writing image header...
Trace|Width: 1, Height: 1, RowLength: 3
Trace|BPP: 24, PaletteColors: 0, Transaparency: 0
Trace|Resource 99 offset is 511208...
Debug|Encoding resource 99...
Trace|Writing image in Raw mode
Trace|Transparency image...
Trace|Writing image header...
Trace|Width: 14, Height: 22, RowLength: 42
Trace|BPP: 24, PaletteColors: 0, Transaparency: 0
Trace|Resource 100 offset is 512148...
Debug|Encoding resource 100...
Trace|Writing image in Raw mode
Trace|Transparency image...
Trace|Writing image header...
Trace|Width: 9, Height: 22, RowLength: 27
Trace|BPP: 24, PaletteColors: 0, Transaparency: 0
Trace|Writing resources offsets table
Debug|Writing resources
